2025-11-20 16:40:05 [main] INFO  c.p.v.VehicleManagementApplication - Starting VehicleManagementApplication using Java 25.0.1 with PID 26528 (C:\Users\swechhahumagain\repos\platform-core\modules\vehicle-management\target\classes started by swechhahumagain in C:\Users\swechhahumagain\repos\platform-core)
2025-11-20 16:40:05 [main] INFO  c.p.v.VehicleManagementApplication - No active profile set, falling back to 1 default profile: "default"
2025-11-20 16:40:05 [main] INFO  o.s.d.r.c.RepositoryConfigurationDelegate - Bootstrapping Spring Data JPA repositories in DEFAULT mode.
2025-11-20 16:40:05 [main] INFO  o.s.d.r.c.RepositoryConfigurationDelegate - Finished Spring Data repository scanning in 140 ms. Found 3 JPA repository interfaces.
2025-11-20 16:40:06 [main] INFO  o.s.b.w.e.tomcat.TomcatWebServer - Tomcat initialized with port 8080 (http)
2025-11-20 16:40:06 [main] INFO  o.a.catalina.core.StandardService - Starting service [Tomcat]
2025-11-20 16:40:06 [main] INFO  o.a.catalina.core.StandardEngine - Starting Servlet engine: [Apache Tomcat/10.1.42]
2025-11-20 16:40:06 [main] INFO  o.a.c.c.C.[.[.[/api/vehicle] - Initializing Spring embedded WebApplicationContext
2025-11-20 16:40:06 [main] INFO  o.s.b.w.s.c.ServletWebServerApplicationContext - Root WebApplicationContext: initialization completed in 993 ms
2025-11-20 16:40:06 [main] INFO  com.zaxxer.hikari.HikariDataSource - HikariPool-1 - Starting...
2025-11-20 16:40:06 [main] INFO  com.zaxxer.hikari.pool.HikariPool - HikariPool-1 - Added connection conn0: url=jdbc:h2:mem:vehicle_db user=SA
2025-11-20 16:40:06 [main] INFO  com.zaxxer.hikari.HikariDataSource - HikariPool-1 - Start completed.
2025-11-20 16:40:06 [main] INFO  o.h.jpa.internal.util.LogHelper - HHH000204: Processing PersistenceUnitInfo [name: default]
2025-11-20 16:40:06 [main] INFO  org.hibernate.Version - HHH000412: Hibernate ORM core version 6.6.18.Final
2025-11-20 16:40:06 [main] INFO  o.h.c.i.RegionFactoryInitiator - HHH000026: Second-level cache disabled
2025-11-20 16:40:07 [main] INFO  o.s.o.j.p.SpringPersistenceUnitInfo - No LoadTimeWeaver setup: ignoring JPA class transformer
2025-11-20 16:40:07 [main] INFO  o.hibernate.orm.connections.pooling - HHH10001005: Database info:
	Database JDBC URL [Connecting through datasource 'HikariDataSource (HikariPool-1)']
	Database driver: undefined/unknown
	Database version: 2.3.232
	Autocommit mode: undefined/unknown
	Isolation level: undefined/unknown
	Minimum pool size: undefined/unknown
	Maximum pool size: undefined/unknown
2025-11-20 16:40:07 [main] INFO  o.h.e.t.j.p.i.JtaPlatformInitiator - HHH000489: No JTA platform available (set 'hibernate.transaction.jta.platform' to enable JTA platform integration)
2025-11-20 16:40:07 [main] DEBUG org.hibernate.SQL - drop table if exists booking_events cascade 
2025-11-20 16:40:07 [main] DEBUG org.hibernate.SQL - drop table if exists bookings cascade 
2025-11-20 16:40:07 [main] DEBUG org.hibernate.SQL - drop table if exists drivers cascade 
2025-11-20 16:40:07 [main] DEBUG org.hibernate.SQL - drop table if exists vehicles cascade 
2025-11-20 16:40:07 [main] DEBUG org.hibernate.SQL - create table booking_events (version integer not null, booking_id bigint not null, id bigint generated by default as identity, timestamp timestamp(6) not null, caused_by varchar(50), event_type varchar(50) not null, event_id varchar(100) not null unique, event_data TEXT, primary key (id))
2025-11-20 16:40:07 [main] DEBUG org.hibernate.SQL - create table bookings (actual_mileage float(53) not null, approval_level integer not null, deleted boolean not null, estimated_cost float(53) not null, estimated_passengers integer not null, is_recurring boolean not null, actual_end_time timestamp(6), actual_start_time timestamp(6), approved_at timestamp(6), approver_id bigint, created_at timestamp(6) not null, driver_id bigint, end_time timestamp(6) not null, id bigint generated by default as identity, rejected_at timestamp(6), requester_id bigint not null, start_time timestamp(6) not null, updated_at timestamp(6) not null, vehicle_id bigint not null, booking_reference varchar(50) not null unique, cost_center varchar(50), manager_name varchar(100), destination varchar(200), pickup_location varchar(200), purpose varchar(200) not null, return_location varchar(200), additional_requirements varchar(255), approval_comment varchar(255), created_by varchar(255), description varchar(255), feedback varchar(255), internal_notes varchar(255), recurring_pattern varchar(255), rejection_reason varchar(255), updated_by varchar(255), status enum ('ACTIVE','APPROVED','CANCELLED','COMPLETED','CONFIRMED','NO_SHOW','PENDING','REJECTED') not null, type enum ('BUSINESS_TRIP','DELIVERY','MAINTENANCE_TRIP','MEETING','OTHER','TRAINING'), primary key (id))
2025-11-20 16:40:07 [main] DEBUG org.hibernate.SQL - create table drivers (available_for_booking boolean not null, deleted boolean not null, hire_date date, last_health_check date, license_expiry_date date, total_miles_driven float(53) not null, total_trips_completed integer not null, years_experience integer not null, created_at timestamp(6) not null, id bigint generated by default as identity, updated_at timestamp(6) not null, user_id bigint, emergency_phone varchar(20), phone_number varchar(20), shift varchar(20), cost_center varchar(50), license_number varchar(50) not null unique, department varchar(100), emergency_contact varchar(100), address varchar(255), certifications varchar(255), created_by varchar(255), notes varchar(255), updated_by varchar(255), license_type enum ('CLASS_1','CLASS_2','CLASS_3','COMMERCIAL','MOTORCYCLE') not null, status enum ('ASSIGNED','AVAILABLE','ON_DUTY','ON_LEAVE','SICK','UNAVAILABLE') not null, primary key (id))
2025-11-20 16:40:07 [main] DEBUG org.hibernate.SQL - create table vehicles (available_for_booking boolean not null, capacity integer not null, deleted boolean not null, manufacture_year integer not null, mileage float(53) not null, created_at timestamp(6) not null, id bigint generated by default as identity, last_maintenance timestamp(6), next_maintenance timestamp(6), updated_at timestamp(6) not null, fuel_type varchar(20), plate_number varchar(20) not null unique, color varchar(50), cost_center varchar(50), make varchar(50) not null, model varchar(50) not null, vehicle_group varchar(50), created_by varchar(100), location varchar(100), updated_by varchar(100), description varchar(255), status enum ('AVAILABLE','BOOKED','IN_USE','MAINTENANCE','OUT_OF_SERVICE') not null, type enum ('MOTORCYCLE','OTHER','SEDAN','SUV','TRUCK','VAN') not null, primary key (id))
2025-11-20 16:40:07 [main] DEBUG org.hibernate.SQL - alter table if exists booking_events add constraint FKhfh31qg112w7vavq44ynov24m foreign key (booking_id) references bookings
2025-11-20 16:40:07 [main] DEBUG org.hibernate.SQL - alter table if exists bookings add constraint FKj0bxwbe92tfc6xwp7pdffo3pq foreign key (driver_id) references drivers
2025-11-20 16:40:07 [main] DEBUG org.hibernate.SQL - alter table if exists bookings add constraint FKc0062bk3bchs55diw805avxq foreign key (vehicle_id) references vehicles
2025-11-20 16:40:07 [main] INFO  o.s.o.j.LocalContainerEntityManagerFactoryBean - Initialized JPA EntityManagerFactory for persistence unit 'default'
2025-11-20 16:40:07 [main] WARN  o.s.b.a.o.j.JpaBaseConfiguration$JpaWebConfiguration - spring.jpa.open-in-view is enabled by default. Therefore, database queries may be performed during view rendering. Explicitly configure spring.jpa.open-in-view to disable this warning
2025-11-20 16:40:08 [main] INFO  o.s.d.j.r.query.QueryEnhancerFactory - Hibernate is in classpath; If applicable, HQL parser will be used.
2025-11-20 16:40:08 [main] INFO  o.s.b.a.h.H2ConsoleAutoConfiguration - H2 console available at '/h2-console'. Database available at 'jdbc:h2:mem:vehicle_db'
2025-11-20 16:40:08 [main] WARN  o.s.b.a.s.s.UserDetailsServiceAutoConfiguration - 

Using generated security password: fbe7c840-a51d-40fb-afde-a00e50b0e20f

This generated password is for development use only. Your security configuration must be updated before running your application in production.

2025-11-20 16:40:08 [main] INFO  o.s.s.c.a.a.c.InitializeUserDetailsBeanManagerConfigurer$InitializeUserDetailsManagerConfigurer - Global AuthenticationManager configured with UserDetailsService bean with name inMemoryUserDetailsManager
2025-11-20 16:40:09 [main] WARN  o.s.b.w.s.c.AnnotationConfigServletWebServerApplicationContext - Exception encountered during context initialization - cancelling refresh attempt: org.springframework.context.ApplicationContextException: Failed to start bean 'webServerStartStop'
2025-11-20 16:40:09 [main] INFO  o.s.o.j.LocalContainerEntityManagerFactoryBean - Closing JPA EntityManagerFactory for persistence unit 'default'
2025-11-20 16:40:09 [main] DEBUG org.hibernate.SQL - drop table if exists booking_events cascade 
2025-11-20 16:40:09 [main] DEBUG org.hibernate.SQL - drop table if exists bookings cascade 
2025-11-20 16:40:09 [main] DEBUG org.hibernate.SQL - drop table if exists drivers cascade 
2025-11-20 16:40:09 [main] DEBUG org.hibernate.SQL - drop table if exists vehicles cascade 
2025-11-20 16:40:09 [main] INFO  com.zaxxer.hikari.HikariDataSource - HikariPool-1 - Shutdown initiated...
2025-11-20 16:40:09 [main] INFO  com.zaxxer.hikari.HikariDataSource - HikariPool-1 - Shutdown completed.
2025-11-20 16:40:09 [main] INFO  o.s.b.a.l.ConditionEvaluationReportLogger - 

Error starting ApplicationContext. To display the condition evaluation report re-run your application with 'debug' enabled.
2025-11-20 16:40:09 [main] ERROR o.s.b.d.LoggingFailureAnalysisReporter - 

***************************
APPLICATION FAILED TO START
***************************

Description:

Web server failed to start. Port 8080 was already in use.

Action:

Identify and stop the process that's listening on port 8080 or configure this application to listen on another port.

2025-11-20 16:41:27 [main] INFO  c.p.v.VehicleManagementApplication - Starting VehicleManagementApplication using Java 25.0.1 with PID 24932 (C:\Users\swechhahumagain\repos\platform-core\modules\vehicle-management\target\classes started by swechhahumagain in C:\Users\swechhahumagain\repos\platform-core)
2025-11-20 16:41:27 [main] INFO  c.p.v.VehicleManagementApplication - No active profile set, falling back to 1 default profile: "default"
2025-11-20 16:41:28 [main] INFO  o.s.d.r.c.RepositoryConfigurationDelegate - Bootstrapping Spring Data JPA repositories in DEFAULT mode.
2025-11-20 16:41:28 [main] INFO  o.s.d.r.c.RepositoryConfigurationDelegate - Finished Spring Data repository scanning in 102 ms. Found 3 JPA repository interfaces.
2025-11-20 16:41:28 [main] INFO  o.s.b.w.e.tomcat.TomcatWebServer - Tomcat initialized with port 8080 (http)
2025-11-20 16:41:28 [main] INFO  o.a.catalina.core.StandardService - Starting service [Tomcat]
2025-11-20 16:41:28 [main] INFO  o.a.catalina.core.StandardEngine - Starting Servlet engine: [Apache Tomcat/10.1.42]
2025-11-20 16:41:28 [main] INFO  o.a.c.c.C.[.[.[/api/vehicle] - Initializing Spring embedded WebApplicationContext
2025-11-20 16:41:28 [main] INFO  o.s.b.w.s.c.ServletWebServerApplicationContext - Root WebApplicationContext: initialization completed in 770 ms
2025-11-20 16:41:28 [main] INFO  com.zaxxer.hikari.HikariDataSource - HikariPool-1 - Starting...
2025-11-20 16:41:28 [main] INFO  com.zaxxer.hikari.pool.HikariPool - HikariPool-1 - Added connection conn0: url=jdbc:h2:mem:vehicle_db user=SA
2025-11-20 16:41:28 [main] INFO  com.zaxxer.hikari.HikariDataSource - HikariPool-1 - Start completed.
2025-11-20 16:41:28 [main] INFO  o.h.jpa.internal.util.LogHelper - HHH000204: Processing PersistenceUnitInfo [name: default]
2025-11-20 16:41:28 [main] INFO  org.hibernate.Version - HHH000412: Hibernate ORM core version 6.6.18.Final
2025-11-20 16:41:28 [main] INFO  o.h.c.i.RegionFactoryInitiator - HHH000026: Second-level cache disabled
2025-11-20 16:41:28 [main] INFO  o.s.o.j.p.SpringPersistenceUnitInfo - No LoadTimeWeaver setup: ignoring JPA class transformer
2025-11-20 16:41:29 [main] INFO  o.hibernate.orm.connections.pooling - HHH10001005: Database info:
	Database JDBC URL [Connecting through datasource 'HikariDataSource (HikariPool-1)']
	Database driver: undefined/unknown
	Database version: 2.3.232
	Autocommit mode: undefined/unknown
	Isolation level: undefined/unknown
	Minimum pool size: undefined/unknown
	Maximum pool size: undefined/unknown
2025-11-20 16:41:29 [main] INFO  o.h.e.t.j.p.i.JtaPlatformInitiator - HHH000489: No JTA platform available (set 'hibernate.transaction.jta.platform' to enable JTA platform integration)
2025-11-20 16:41:29 [main] DEBUG org.hibernate.SQL - drop table if exists booking_events cascade 
2025-11-20 16:41:29 [main] DEBUG org.hibernate.SQL - drop table if exists bookings cascade 
2025-11-20 16:41:29 [main] DEBUG org.hibernate.SQL - drop table if exists drivers cascade 
2025-11-20 16:41:29 [main] DEBUG org.hibernate.SQL - drop table if exists vehicles cascade 
2025-11-20 16:41:29 [main] DEBUG org.hibernate.SQL - create table booking_events (version integer not null, booking_id bigint not null, id bigint generated by default as identity, timestamp timestamp(6) not null, caused_by varchar(50), event_type varchar(50) not null, event_id varchar(100) not null unique, event_data TEXT, primary key (id))
2025-11-20 16:41:29 [main] DEBUG org.hibernate.SQL - create table bookings (actual_mileage float(53) not null, approval_level integer not null, deleted boolean not null, estimated_cost float(53) not null, estimated_passengers integer not null, is_recurring boolean not null, actual_end_time timestamp(6), actual_start_time timestamp(6), approved_at timestamp(6), approver_id bigint, created_at timestamp(6) not null, driver_id bigint, end_time timestamp(6) not null, id bigint generated by default as identity, rejected_at timestamp(6), requester_id bigint not null, start_time timestamp(6) not null, updated_at timestamp(6) not null, vehicle_id bigint not null, booking_reference varchar(50) not null unique, cost_center varchar(50), manager_name varchar(100), destination varchar(200), pickup_location varchar(200), purpose varchar(200) not null, return_location varchar(200), additional_requirements varchar(255), approval_comment varchar(255), created_by varchar(255), description varchar(255), feedback varchar(255), internal_notes varchar(255), recurring_pattern varchar(255), rejection_reason varchar(255), updated_by varchar(255), status enum ('ACTIVE','APPROVED','CANCELLED','COMPLETED','CONFIRMED','NO_SHOW','PENDING','REJECTED') not null, type enum ('BUSINESS_TRIP','DELIVERY','MAINTENANCE_TRIP','MEETING','OTHER','TRAINING'), primary key (id))
2025-11-20 16:41:29 [main] DEBUG org.hibernate.SQL - create table drivers (available_for_booking boolean not null, deleted boolean not null, hire_date date, last_health_check date, license_expiry_date date, total_miles_driven float(53) not null, total_trips_completed integer not null, years_experience integer not null, created_at timestamp(6) not null, id bigint generated by default as identity, updated_at timestamp(6) not null, user_id bigint, emergency_phone varchar(20), phone_number varchar(20), shift varchar(20), cost_center varchar(50), license_number varchar(50) not null unique, department varchar(100), emergency_contact varchar(100), address varchar(255), certifications varchar(255), created_by varchar(255), notes varchar(255), updated_by varchar(255), license_type enum ('CLASS_1','CLASS_2','CLASS_3','COMMERCIAL','MOTORCYCLE') not null, status enum ('ASSIGNED','AVAILABLE','ON_DUTY','ON_LEAVE','SICK','UNAVAILABLE') not null, primary key (id))
2025-11-20 16:41:29 [main] DEBUG org.hibernate.SQL - create table vehicles (available_for_booking boolean not null, capacity integer not null, deleted boolean not null, manufacture_year integer not null, mileage float(53) not null, created_at timestamp(6) not null, id bigint generated by default as identity, last_maintenance timestamp(6), next_maintenance timestamp(6), updated_at timestamp(6) not null, fuel_type varchar(20), plate_number varchar(20) not null unique, color varchar(50), cost_center varchar(50), make varchar(50) not null, model varchar(50) not null, vehicle_group varchar(50), created_by varchar(100), location varchar(100), updated_by varchar(100), description varchar(255), status enum ('AVAILABLE','BOOKED','IN_USE','MAINTENANCE','OUT_OF_SERVICE') not null, type enum ('MOTORCYCLE','OTHER','SEDAN','SUV','TRUCK','VAN') not null, primary key (id))
2025-11-20 16:41:29 [main] DEBUG org.hibernate.SQL - alter table if exists booking_events add constraint FKhfh31qg112w7vavq44ynov24m foreign key (booking_id) references bookings
2025-11-20 16:41:29 [main] DEBUG org.hibernate.SQL - alter table if exists bookings add constraint FKj0bxwbe92tfc6xwp7pdffo3pq foreign key (driver_id) references drivers
2025-11-20 16:41:29 [main] DEBUG org.hibernate.SQL - alter table if exists bookings add constraint FKc0062bk3bchs55diw805avxq foreign key (vehicle_id) references vehicles
2025-11-20 16:41:29 [main] INFO  o.s.o.j.LocalContainerEntityManagerFactoryBean - Initialized JPA EntityManagerFactory for persistence unit 'default'
2025-11-20 16:41:29 [main] WARN  o.s.b.a.o.j.JpaBaseConfiguration$JpaWebConfiguration - spring.jpa.open-in-view is enabled by default. Therefore, database queries may be performed during view rendering. Explicitly configure spring.jpa.open-in-view to disable this warning
2025-11-20 16:41:29 [main] INFO  o.s.d.j.r.query.QueryEnhancerFactory - Hibernate is in classpath; If applicable, HQL parser will be used.
2025-11-20 16:41:30 [main] INFO  o.s.b.a.h.H2ConsoleAutoConfiguration - H2 console available at '/h2-console'. Database available at 'jdbc:h2:mem:vehicle_db'
2025-11-20 16:41:30 [main] WARN  o.s.b.a.s.s.UserDetailsServiceAutoConfiguration - 

Using generated security password: 37c6baf4-e075-49d1-b2f4-06c5ace04e81

This generated password is for development use only. Your security configuration must be updated before running your application in production.

2025-11-20 16:41:30 [main] INFO  o.s.s.c.a.a.c.InitializeUserDetailsBeanManagerConfigurer$InitializeUserDetailsManagerConfigurer - Global AuthenticationManager configured with UserDetailsService bean with name inMemoryUserDetailsManager
2025-11-20 16:41:30 [main] WARN  o.s.b.w.s.c.AnnotationConfigServletWebServerApplicationContext - Exception encountered during context initialization - cancelling refresh attempt: org.springframework.context.ApplicationContextException: Failed to start bean 'webServerStartStop'
2025-11-20 16:41:30 [main] INFO  o.s.o.j.LocalContainerEntityManagerFactoryBean - Closing JPA EntityManagerFactory for persistence unit 'default'
2025-11-20 16:41:30 [main] DEBUG org.hibernate.SQL - drop table if exists booking_events cascade 
2025-11-20 16:41:30 [main] DEBUG org.hibernate.SQL - drop table if exists bookings cascade 
2025-11-20 16:41:30 [main] DEBUG org.hibernate.SQL - drop table if exists drivers cascade 
2025-11-20 16:41:30 [main] DEBUG org.hibernate.SQL - drop table if exists vehicles cascade 
2025-11-20 16:41:30 [main] INFO  com.zaxxer.hikari.HikariDataSource - HikariPool-1 - Shutdown initiated...
2025-11-20 16:41:30 [main] INFO  com.zaxxer.hikari.HikariDataSource - HikariPool-1 - Shutdown completed.
2025-11-20 16:41:30 [main] INFO  o.s.b.a.l.ConditionEvaluationReportLogger - 

Error starting ApplicationContext. To display the condition evaluation report re-run your application with 'debug' enabled.
2025-11-20 16:41:30 [main] ERROR o.s.b.d.LoggingFailureAnalysisReporter - 

***************************
APPLICATION FAILED TO START
***************************

Description:

Web server failed to start. Port 8080 was already in use.

Action:

Identify and stop the process that's listening on port 8080 or configure this application to listen on another port.

2025-11-20 16:43:21 [main] INFO  c.p.v.VehicleManagementApplication - Starting VehicleManagementApplication using Java 25.0.1 with PID 10192 (C:\Users\swechhahumagain\repos\platform-core\modules\vehicle-management\target\classes started by swechhahumagain in C:\Users\swechhahumagain\repos\platform-core)
2025-11-20 16:43:21 [main] INFO  c.p.v.VehicleManagementApplication - No active profile set, falling back to 1 default profile: "default"
2025-11-20 16:43:22 [main] INFO  o.s.d.r.c.RepositoryConfigurationDelegate - Bootstrapping Spring Data JPA repositories in DEFAULT mode.
2025-11-20 16:43:22 [main] INFO  o.s.d.r.c.RepositoryConfigurationDelegate - Finished Spring Data repository scanning in 94 ms. Found 3 JPA repository interfaces.
2025-11-20 16:43:22 [main] INFO  o.s.b.w.e.tomcat.TomcatWebServer - Tomcat initialized with port 8080 (http)
2025-11-20 16:43:22 [main] INFO  o.a.catalina.core.StandardService - Starting service [Tomcat]
2025-11-20 16:43:22 [main] INFO  o.a.catalina.core.StandardEngine - Starting Servlet engine: [Apache Tomcat/10.1.42]
2025-11-20 16:43:22 [main] INFO  o.a.c.c.C.[.[.[/api/vehicle] - Initializing Spring embedded WebApplicationContext
2025-11-20 16:43:22 [main] INFO  o.s.b.w.s.c.ServletWebServerApplicationContext - Root WebApplicationContext: initialization completed in 738 ms
2025-11-20 16:43:22 [main] INFO  com.zaxxer.hikari.HikariDataSource - HikariPool-1 - Starting...
2025-11-20 16:43:22 [main] INFO  com.zaxxer.hikari.pool.HikariPool - HikariPool-1 - Added connection conn0: url=jdbc:h2:mem:vehicle_db user=SA
2025-11-20 16:43:22 [main] INFO  com.zaxxer.hikari.HikariDataSource - HikariPool-1 - Start completed.
2025-11-20 16:43:22 [main] INFO  o.h.jpa.internal.util.LogHelper - HHH000204: Processing PersistenceUnitInfo [name: default]
2025-11-20 16:43:22 [main] INFO  org.hibernate.Version - HHH000412: Hibernate ORM core version 6.6.18.Final
2025-11-20 16:43:22 [main] INFO  o.h.c.i.RegionFactoryInitiator - HHH000026: Second-level cache disabled
2025-11-20 16:43:23 [main] INFO  o.s.o.j.p.SpringPersistenceUnitInfo - No LoadTimeWeaver setup: ignoring JPA class transformer
2025-11-20 16:43:23 [main] INFO  o.hibernate.orm.connections.pooling - HHH10001005: Database info:
	Database JDBC URL [Connecting through datasource 'HikariDataSource (HikariPool-1)']
	Database driver: undefined/unknown
	Database version: 2.3.232
	Autocommit mode: undefined/unknown
	Isolation level: undefined/unknown
	Minimum pool size: undefined/unknown
	Maximum pool size: undefined/unknown
2025-11-20 16:43:23 [main] INFO  o.h.e.t.j.p.i.JtaPlatformInitiator - HHH000489: No JTA platform available (set 'hibernate.transaction.jta.platform' to enable JTA platform integration)
2025-11-20 16:43:23 [main] DEBUG org.hibernate.SQL - drop table if exists booking_events cascade 
2025-11-20 16:43:23 [main] DEBUG org.hibernate.SQL - drop table if exists bookings cascade 
2025-11-20 16:43:23 [main] DEBUG org.hibernate.SQL - drop table if exists drivers cascade 
2025-11-20 16:43:23 [main] DEBUG org.hibernate.SQL - drop table if exists vehicles cascade 
2025-11-20 16:43:23 [main] DEBUG org.hibernate.SQL - create table booking_events (version integer not null, booking_id bigint not null, id bigint generated by default as identity, timestamp timestamp(6) not null, caused_by varchar(50), event_type varchar(50) not null, event_id varchar(100) not null unique, event_data TEXT, primary key (id))
2025-11-20 16:43:23 [main] DEBUG org.hibernate.SQL - create table bookings (actual_mileage float(53) not null, approval_level integer not null, deleted boolean not null, estimated_cost float(53) not null, estimated_passengers integer not null, is_recurring boolean not null, actual_end_time timestamp(6), actual_start_time timestamp(6), approved_at timestamp(6), approver_id bigint, created_at timestamp(6) not null, driver_id bigint, end_time timestamp(6) not null, id bigint generated by default as identity, rejected_at timestamp(6), requester_id bigint not null, start_time timestamp(6) not null, updated_at timestamp(6) not null, vehicle_id bigint not null, booking_reference varchar(50) not null unique, cost_center varchar(50), manager_name varchar(100), destination varchar(200), pickup_location varchar(200), purpose varchar(200) not null, return_location varchar(200), additional_requirements varchar(255), approval_comment varchar(255), created_by varchar(255), description varchar(255), feedback varchar(255), internal_notes varchar(255), recurring_pattern varchar(255), rejection_reason varchar(255), updated_by varchar(255), status enum ('ACTIVE','APPROVED','CANCELLED','COMPLETED','CONFIRMED','NO_SHOW','PENDING','REJECTED') not null, type enum ('BUSINESS_TRIP','DELIVERY','MAINTENANCE_TRIP','MEETING','OTHER','TRAINING'), primary key (id))
2025-11-20 16:43:23 [main] DEBUG org.hibernate.SQL - create table drivers (available_for_booking boolean not null, deleted boolean not null, hire_date date, last_health_check date, license_expiry_date date, total_miles_driven float(53) not null, total_trips_completed integer not null, years_experience integer not null, created_at timestamp(6) not null, id bigint generated by default as identity, updated_at timestamp(6) not null, user_id bigint, emergency_phone varchar(20), phone_number varchar(20), shift varchar(20), cost_center varchar(50), license_number varchar(50) not null unique, department varchar(100), emergency_contact varchar(100), address varchar(255), certifications varchar(255), created_by varchar(255), notes varchar(255), updated_by varchar(255), license_type enum ('CLASS_1','CLASS_2','CLASS_3','COMMERCIAL','MOTORCYCLE') not null, status enum ('ASSIGNED','AVAILABLE','ON_DUTY','ON_LEAVE','SICK','UNAVAILABLE') not null, primary key (id))
2025-11-20 16:43:23 [main] DEBUG org.hibernate.SQL - create table vehicles (available_for_booking boolean not null, capacity integer not null, deleted boolean not null, manufacture_year integer not null, mileage float(53) not null, created_at timestamp(6) not null, id bigint generated by default as identity, last_maintenance timestamp(6), next_maintenance timestamp(6), updated_at timestamp(6) not null, fuel_type varchar(20), plate_number varchar(20) not null unique, color varchar(50), cost_center varchar(50), make varchar(50) not null, model varchar(50) not null, vehicle_group varchar(50), created_by varchar(100), location varchar(100), updated_by varchar(100), description varchar(255), status enum ('AVAILABLE','BOOKED','IN_USE','MAINTENANCE','OUT_OF_SERVICE') not null, type enum ('MOTORCYCLE','OTHER','SEDAN','SUV','TRUCK','VAN') not null, primary key (id))
2025-11-20 16:43:23 [main] DEBUG org.hibernate.SQL - alter table if exists booking_events add constraint FKhfh31qg112w7vavq44ynov24m foreign key (booking_id) references bookings
2025-11-20 16:43:23 [main] DEBUG org.hibernate.SQL - alter table if exists bookings add constraint FKj0bxwbe92tfc6xwp7pdffo3pq foreign key (driver_id) references drivers
2025-11-20 16:43:23 [main] DEBUG org.hibernate.SQL - alter table if exists bookings add constraint FKc0062bk3bchs55diw805avxq foreign key (vehicle_id) references vehicles
2025-11-20 16:43:23 [main] INFO  o.s.o.j.LocalContainerEntityManagerFactoryBean - Initialized JPA EntityManagerFactory for persistence unit 'default'
2025-11-20 16:43:23 [main] WARN  o.s.b.a.o.j.JpaBaseConfiguration$JpaWebConfiguration - spring.jpa.open-in-view is enabled by default. Therefore, database queries may be performed during view rendering. Explicitly configure spring.jpa.open-in-view to disable this warning
2025-11-20 16:43:24 [main] INFO  o.s.d.j.r.query.QueryEnhancerFactory - Hibernate is in classpath; If applicable, HQL parser will be used.
2025-11-20 16:43:24 [main] INFO  o.s.b.a.h.H2ConsoleAutoConfiguration - H2 console available at '/h2-console'. Database available at 'jdbc:h2:mem:vehicle_db'
2025-11-20 16:43:24 [main] WARN  o.s.b.a.s.s.UserDetailsServiceAutoConfiguration - 

Using generated security password: dc8b5636-8e8f-48df-a781-0c7e1e92b073

This generated password is for development use only. Your security configuration must be updated before running your application in production.

2025-11-20 16:43:24 [main] INFO  o.s.s.c.a.a.c.InitializeUserDetailsBeanManagerConfigurer$InitializeUserDetailsManagerConfigurer - Global AuthenticationManager configured with UserDetailsService bean with name inMemoryUserDetailsManager
2025-11-20 16:43:24 [main] INFO  o.s.b.w.e.tomcat.TomcatWebServer - Tomcat started on port 8080 (http) with context path '/api/vehicle'
2025-11-20 16:43:24 [main] INFO  c.p.v.VehicleManagementApplication - Started VehicleManagementApplication in 3.131 seconds (process running for 3.488)
